<?xml version="1.0" encoding="UTF-8"?>
<!-- Generated by org.testng.reporters.JUnitXMLReporter -->
<testsuite ignored="0" hostname="vtuantai" failures="0" tests="5" name="Surefire test" time="0.042" errors="0" timestamp="2022-07-07T10:44:45 ICT">
  <testcase classname="pomtest.bases.BaseSetUpSauceLabs" name="@BeforeClass initializeTestBaseSetUp" time="-1.657165485333E9">
    <failure type="org.testng.TestNGException" message="
Parameter &amp;apos;browserType&amp;apos; is required by BeforeClass on method initializeTestBaseSetUp but has not been marked @Optional or defined
">
      <![CDATA[org.testng.TestNGException: 
Parameter 'browserType' is required by BeforeClass on method initializeTestBaseSetUp but has not been marked @Optional or defined

at java.base/java.util.ArrayList.forEach(ArrayList.java:1511)
... Removed 27 stack frames]]>
    </failure>
  </testcase> <!-- @BeforeClass initializeTestBaseSetUp -->
  <testcase classname="pomtest.testcases.LogInTest" name="@BeforeClass setUp" time="0.0">
    <skipped/>
  </testcase> <!-- @BeforeClass setUp -->
  <testcase classname="pomtest.bases.BaseSetUpSauceLabs" name="@AfterClass tearDown" time="0.0">
    <skipped/>
  </testcase> <!-- @AfterClass tearDown -->
  <testcase classname="pomtest.testcases.LogInTest" name="userTruePassNull" time="0.0">
    <skipped/>
  </testcase> <!-- userTruePassNull -->
  <testcase classname="pomtest.testcases.LogInTest" name="userNullPassNull" time="0.0">
    <skipped/>
  </testcase> <!-- userNullPassNull -->
  <testcase classname="pomtest.testcases.LogInTest" name="userTruePassLessThan6" time="0.0">
    <skipped/>
  </testcase> <!-- userTruePassLessThan6 -->
  <testcase classname="pomtest.testcases.LogInTest" name="userTruePassMoreThan6ButFalse" time="0.0">
    <skipped/>
  </testcase> <!-- userTruePassMoreThan6ButFalse -->
  <testcase classname="pomtest.testcases.LogInTest" name="logInSuccessful" time="0.0">
    <skipped/>
  </testcase> <!-- logInSuccessful -->
</testsuite> <!-- Surefire test -->
