[INFO ] 05-07-2022 09:46:58 [main] Log - getText: The password field is required.
[INFO ] 05-07-2022 09:46:58 [main] Log - getText: The username field is required.
[INFO ] 05-07-2022 09:46:58 [main] Log - getText: The username field is required.
[INFO ] 05-07-2022 09:46:58 [main] Log - getText: Invalid Login Credentials.
[INFO ] 05-07-2022 09:49:30 [main] Log - getText: The password field is required.
[INFO ] 05-07-2022 09:49:30 [main] Log - getText: 
[INFO ] 05-07-2022 09:49:31 [main] Log - getText: Invalid Login Credentials.
[INFO ] 05-07-2022 09:49:31 [main] Log - getText: Invalid Login Credentials.
[INFO ] 05-07-2022 09:50:15 [main] Log - getText: The password field is required.
[INFO ] 05-07-2022 09:50:15 [main] Log - getText: The username field is required.
[INFO ] 05-07-2022 09:50:15 [main] Log - getText: Invalid Login Credentials.
[INFO ] 05-07-2022 09:50:16 [main] Log - getText: Invalid Login Credentials.
[INFO ] 05-07-2022 09:53:27 [main] Log - getText: The password field is required.
[INFO ] 05-07-2022 09:53:28 [main] Log - getText: The username field is required.
[INFO ] 05-07-2022 09:53:28 [main] Log - getText: Invalid Login Credentials.
[INFO ] 05-07-2022 09:53:28 [main] Log - getText: Invalid Login Credentials.
[INFO ] 05-07-2022 09:53:29 [main] Log - admin01
[INFO ] 05-07-2022 09:53:29 [main] Log - 123456
[INFO ] 05-07-2022 09:54:07 [main] Log - admin01
[INFO ] 05-07-2022 09:54:07 [main] Log - 
[INFO ] 05-07-2022 09:54:07 [main] Log - getText: The password field is required.
[INFO ] 05-07-2022 09:54:07 [main] Log - 
[INFO ] 05-07-2022 09:54:07 [main] Log - 
[INFO ] 05-07-2022 09:54:07 [main] Log - getText: The password field is required.
[INFO ] 05-07-2022 09:54:07 [main] Log - 1
[INFO ] 05-07-2022 09:54:07 [main] Log - 1234567
[INFO ] 05-07-2022 09:54:07 [main] Log - getText: The username field is required.
[INFO ] 05-07-2022 09:54:07 [main] Log - admin01
[INFO ] 05-07-2022 09:54:07 [main] Log - 1234567
[INFO ] 05-07-2022 09:54:07 [main] Log - getText: Invalid Login Credentials.
[INFO ] 05-07-2022 09:56:40 [main] Log - admin01
[INFO ] 05-07-2022 09:56:40 [main] Log - 
[INFO ] 05-07-2022 09:56:40 [main] Log - getText: The password field is required.
[INFO ] 05-07-2022 09:56:40 [main] Log - 
[INFO ] 05-07-2022 09:56:40 [main] Log - 
[INFO ] 05-07-2022 09:56:40 [main] Log - getText: The username field is required.
[INFO ] 05-07-2022 09:56:40 [main] Log - 1
[INFO ] 05-07-2022 09:56:40 [main] Log - 1234567
[INFO ] 05-07-2022 09:56:40 [main] Log - getText: Invalid Login Credentials.
[INFO ] 05-07-2022 09:56:41 [main] Log - admin01
[INFO ] 05-07-2022 09:56:41 [main] Log - 1234567
[INFO ] 05-07-2022 09:56:41 [main] Log - getText: Invalid Login Credentials.
[INFO ] 05-07-2022 09:57:16 [main] Log - admin01
[INFO ] 05-07-2022 09:57:16 [main] Log - 
[INFO ] 05-07-2022 09:57:16 [main] Log - getText: The password field is required.
[INFO ] 05-07-2022 09:57:16 [main] Log - 
[INFO ] 05-07-2022 09:57:16 [main] Log - 
[INFO ] 05-07-2022 09:57:16 [main] Log - getText: The username field is required.
[INFO ] 05-07-2022 09:57:16 [main] Log - 1
[INFO ] 05-07-2022 09:57:16 [main] Log - 1234567
[INFO ] 05-07-2022 09:57:17 [main] Log - getText: The username field is required.
[INFO ] 05-07-2022 09:57:17 [main] Log - admin01
[INFO ] 05-07-2022 09:57:17 [main] Log - 1234567
[INFO ] 05-07-2022 09:57:17 [main] Log - getText: Invalid Login Credentials.
[INFO ] 05-07-2022 10:00:34 [main] Log - admin01
[INFO ] 05-07-2022 10:00:34 [main] Log - 
[INFO ] 05-07-2022 10:00:34 [main] Log - getText: The password field is required.
[INFO ] 05-07-2022 10:00:34 [main] Log - 
[INFO ] 05-07-2022 10:00:34 [main] Log - 
[INFO ] 05-07-2022 10:00:34 [main] Log - getText: The username field is required.
[INFO ] 05-07-2022 10:00:34 [main] Log - 1
[INFO ] 05-07-2022 10:00:34 [main] Log - 1234567
[INFO ] 05-07-2022 10:00:34 [main] Log - getText: Invalid Login Credentials.
[INFO ] 05-07-2022 10:00:34 [main] Log - admin01
[INFO ] 05-07-2022 10:00:34 [main] Log - 1234567
[INFO ] 05-07-2022 10:00:34 [main] Log - getText: Invalid Login Credentials.
[INFO ] 05-07-2022 10:28:54 [main] Log - Launching FireFox browser... 
[INFO ] 06-07-2022 10:19:06 [main] Log - https://oauth-jenbiminh-1ed86:3c6ad2c2-69c6-48f5-8e88-1b9054f51c24@ondemand.eu-central-1.saucelabs.com:443/wd/hub
[INFO ] 06-07-2022 10:21:41 [main] Log - https://oauth-jenbiminh-1ed86:3c6ad2c2-69c6-48f5-8e88-1b9054f51c24@ondemand.eu-central-1.saucelabs.com:443/wd/hub
[INFO ] 06-07-2022 10:49:30 [main] Log - Launching Chrome browser... 
[INFO ] 06-07-2022 11:10:00 [main] Log - Launching Chrome browser... 
[INFO ] 06-07-2022 11:19:57 [main] Log - Launching FireFox browser... 
[INFO ] 06-07-2022 11:25:04 [main] Log - Launching Chrome browser... 
[INFO ] 06-07-2022 13:44:30 [main] Log - Launching Chrome browser... 
[ERROR] 06-07-2022 13:44:31 [main] Log - Error...[org.openqa.selenium.remote.ProtocolHandshake.createSession(ProtocolHandshake.java:144), org.openqa.selenium.remote.ProtocolHandshake.createSession(ProtocolHandshake.java:102), org.openqa.selenium.remote.ProtocolHandshake.createSession(ProtocolHandshake.java:67), org.openqa.selenium.remote.HttpCommandExecutor.execute(HttpCommandExecutor.java:156), org.openqa.selenium.remote.TracedCommandExecutor.execute(TracedCommandExecutor.java:51), org.openqa.selenium.remote.RemoteWebDriver.execute(RemoteWebDriver.java:588), org.openqa.selenium.remote.RemoteWebDriver.startSession(RemoteWebDriver.java:283), org.openqa.selenium.remote.RemoteWebDriver.<init>(RemoteWebDriver.java:184), org.openqa.selenium.remote.RemoteWebDriver.<init>(RemoteWebDriver.java:166), pomtest.bases.BaseSetUpSauceLabs.initChromeDriver(BaseSetUpSauceLabs.java:58), pomtest.bases.BaseSetUpSauceLabs.setDriver(BaseSetUpSauceLabs.java:32), pomtest.bases.BaseSetUpSauceLabs.initializeTestBaseSetUp(BaseSetUpSauceLabs.java:69), java.base/jdk.internal.reflect.DirectMethodHandleAccessor.invoke(DirectMethodHandleAccessor.java:104), java.base/java.lang.reflect.Method.invoke(Method.java:577), org.testng.internal.invokers.MethodInvocationHelper.invokeMethod(MethodInvocationHelper.java:139), org.testng.internal.invokers.MethodInvocationHelper.invokeMethodConsideringTimeout(MethodInvocationHelper.java:69), org.testng.internal.invokers.ConfigInvoker.invokeConfigurationMethod(ConfigInvoker.java:361), org.testng.internal.invokers.ConfigInvoker.invokeConfigurations(ConfigInvoker.java:296), org.testng.internal.invokers.TestMethodWorker.invokeBeforeClassMethods(TestMethodWorker.java:180), org.testng.internal.invokers.TestMethodWorker.run(TestMethodWorker.java:122), java.base/java.util.ArrayList.forEach(ArrayList.java:1511), org.testng.TestRunner.privateRun(TestRunner.java:806), org.testng.TestRunner.run(TestRunner.java:601), org.testng.SuiteRunner.runTest(SuiteRunner.java:433), org.testng.SuiteRunner.runSequentially(SuiteRunner.java:427), org.testng.SuiteRunner.privateRun(SuiteRunner.java:387), org.testng.SuiteRunner.run(SuiteRunner.java:330), org.testng.SuiteRunnerWorker.runSuite(SuiteRunnerWorker.java:52), org.testng.SuiteRunnerWorker.run(SuiteRunnerWorker.java:95), org.testng.TestNG.runSuitesSequentially(TestNG.java:1256), org.testng.TestNG.runSuitesLocally(TestNG.java:1176), org.testng.TestNG.runSuites(TestNG.java:1099), org.testng.TestNG.run(TestNG.java:1067), com.intellij.rt.testng.IDEARemoteTestNG.run(IDEARemoteTestNG.java:66), com.intellij.rt.testng.RemoteTestNGStarter.main(RemoteTestNGStarter.java:109)]
[INFO ] 06-07-2022 13:46:32 [main] Log - Launching Chrome browser... 
[ERROR] 06-07-2022 13:46:33 [main] Log - Error...[org.openqa.selenium.remote.ProtocolHandshake.createSession(ProtocolHandshake.java:144), org.openqa.selenium.remote.ProtocolHandshake.createSession(ProtocolHandshake.java:102), org.openqa.selenium.remote.ProtocolHandshake.createSession(ProtocolHandshake.java:67), org.openqa.selenium.remote.HttpCommandExecutor.execute(HttpCommandExecutor.java:156), org.openqa.selenium.remote.TracedCommandExecutor.execute(TracedCommandExecutor.java:51), org.openqa.selenium.remote.RemoteWebDriver.execute(RemoteWebDriver.java:588), org.openqa.selenium.remote.RemoteWebDriver.startSession(RemoteWebDriver.java:283), org.openqa.selenium.remote.RemoteWebDriver.<init>(RemoteWebDriver.java:184), org.openqa.selenium.remote.RemoteWebDriver.<init>(RemoteWebDriver.java:166), pomtest.bases.BaseSetUpSauceLabs.initChromeDriver(BaseSetUpSauceLabs.java:58), pomtest.bases.BaseSetUpSauceLabs.setDriver(BaseSetUpSauceLabs.java:32), pomtest.bases.BaseSetUpSauceLabs.initializeTestBaseSetUp(BaseSetUpSauceLabs.java:69), java.base/jdk.internal.reflect.DirectMethodHandleAccessor.invoke(DirectMethodHandleAccessor.java:104), java.base/java.lang.reflect.Method.invoke(Method.java:577), org.testng.internal.invokers.MethodInvocationHelper.invokeMethod(MethodInvocationHelper.java:139), org.testng.internal.invokers.MethodInvocationHelper.invokeMethodConsideringTimeout(MethodInvocationHelper.java:69), org.testng.internal.invokers.ConfigInvoker.invokeConfigurationMethod(ConfigInvoker.java:361), org.testng.internal.invokers.ConfigInvoker.invokeConfigurations(ConfigInvoker.java:296), org.testng.internal.invokers.TestMethodWorker.invokeBeforeClassMethods(TestMethodWorker.java:180), org.testng.internal.invokers.TestMethodWorker.run(TestMethodWorker.java:122), java.base/java.util.ArrayList.forEach(ArrayList.java:1511), org.testng.TestRunner.privateRun(TestRunner.java:806), org.testng.TestRunner.run(TestRunner.java:601), org.testng.SuiteRunner.runTest(SuiteRunner.java:433), org.testng.SuiteRunner.runSequentially(SuiteRunner.java:427), org.testng.SuiteRunner.privateRun(SuiteRunner.java:387), org.testng.SuiteRunner.run(SuiteRunner.java:330), org.testng.SuiteRunnerWorker.runSuite(SuiteRunnerWorker.java:52), org.testng.SuiteRunnerWorker.run(SuiteRunnerWorker.java:95), org.testng.TestNG.runSuitesSequentially(TestNG.java:1256), org.testng.TestNG.runSuitesLocally(TestNG.java:1176), org.testng.TestNG.runSuites(TestNG.java:1099), org.testng.TestNG.run(TestNG.java:1067), com.intellij.rt.testng.IDEARemoteTestNG.run(IDEARemoteTestNG.java:66), com.intellij.rt.testng.RemoteTestNGStarter.main(RemoteTestNGStarter.java:109)]
[INFO ] 06-07-2022 13:47:00 [main] Log - Launching Chrome browser... 
[INFO ] 06-07-2022 17:25:41 [main] Log - Launching Chrome browser... 
[INFO ] 06-07-2022 18:25:28 [main] Log - Launching Chrome browser... 
[INFO ] 07-07-2022 09:08:39 [main] Log - Launching Chrome browser... 
[INFO ] 07-07-2022 09:35:18 [main] Log - Launching Chrome browser... 
[INFO ] 07-07-2022 09:41:00 [main] Log - Launching Chrome browser... 
[INFO ] 07-07-2022 09:47:04 [main] Log - Launching Chrome browser... 
[INFO ] 07-07-2022 09:56:47 [main] Log - Launching Chrome browser... 
[INFO ] 07-07-2022 09:58:10 [main] Log - Launching Chrome browser... 
[INFO ] 07-07-2022 10:15:05 [main] Log - Launching Chrome browser... 
[INFO ] 07-07-2022 10:40:12 [main] Log - Launching Chrome browser... 
[INFO ] 07-07-2022 10:41:48 [main] Log - Launching Chrome browser... 
[INFO ] 07-07-2022 10:45:08 [main] Log - Launching Chrome browser... 
[INFO ] 07-07-2022 10:51:54 [main] Log - Launching Chrome browser... 
[INFO ] 07-07-2022 10:52:50 [main] Log - Launching Chrome browser... 
[INFO ] 07-07-2022 10:54:09 [main] Log - Launching Chrome browser... 
[INFO ] 07-07-2022 10:55:30 [main] Log - Launching Chrome browser... 
[INFO ] 07-07-2022 10:57:07 [main] Log - Launching Chrome browser... 
[INFO ] 07-07-2022 10:59:24 [main] Log - Launching Chrome browser... 
[INFO ] 07-07-2022 11:00:33 [main] Log - Launching Chrome browser... 
[INFO ] 07-07-2022 11:00:47 [main] Log - Launching FireFox browser... 
[INFO ] 07-07-2022 11:02:23 [main] Log - Launching FireFox browser... 
[INFO ] 07-07-2022 11:03:21 [main] Log - Launching FireFox browser... 
[INFO ] 07-07-2022 11:03:46 [main] Log - Launching FireFox browser... 
[INFO ] 07-07-2022 11:05:08 [main] Log - Launching FireFox browser... 
[INFO ] 07-07-2022 11:06:28 [main] Log - Launching Chrome browser... 
[INFO ] 07-07-2022 11:10:33 [main] Log - Launching Chrome browser... 
[INFO ] 07-07-2022 11:14:58 [main] Log - Launching Chrome browser... 
[ERROR] 07-07-2022 11:14:58 [main] Log - Error...[org.openqa.selenium.internal.Require$FileStateChecker.isFile(Require.java:342), org.openqa.selenium.remote.service.DriverService.checkExecutable(DriverService.java:147), org.openqa.selenium.remote.service.DriverService.findExecutable(DriverService.java:142), org.openqa.selenium.chrome.ChromeDriverService.access$000(ChromeDriverService.java:38), org.openqa.selenium.chrome.ChromeDriverService$Builder.findDefaultExecutable(ChromeDriverService.java:231), org.openqa.selenium.remote.service.DriverService$Builder.build(DriverService.java:437), org.openqa.selenium.chrome.ChromeDriverService.createDefaultService(ChromeDriverService.java:127), org.openqa.selenium.chrome.ChromeDriver.<init>(ChromeDriver.java:48), pomtest.bases.BaseSetUp.initChromeDriver(BaseSetUp.java:42), pomtest.bases.BaseSetUp.setDriver(BaseSetUp.java:30), pomtest.bases.BaseSetUp.initializeTestBaseSetUp(BaseSetUp.java:65), java.base/jdk.internal.reflect.DirectMethodHandleAccessor.invoke(DirectMethodHandleAccessor.java:104), java.base/java.lang.reflect.Method.invoke(Method.java:577), org.testng.internal.invokers.MethodInvocationHelper.invokeMethod(MethodInvocationHelper.java:139), org.testng.internal.invokers.MethodInvocationHelper.invokeMethodConsideringTimeout(MethodInvocationHelper.java:69), org.testng.internal.invokers.ConfigInvoker.invokeConfigurationMethod(ConfigInvoker.java:361), org.testng.internal.invokers.ConfigInvoker.invokeConfigurations(ConfigInvoker.java:296), org.testng.internal.invokers.TestMethodWorker.invokeBeforeClassMethods(TestMethodWorker.java:180), org.testng.internal.invokers.TestMethodWorker.run(TestMethodWorker.java:122), java.base/java.util.ArrayList.forEach(ArrayList.java:1511), org.testng.TestRunner.privateRun(TestRunner.java:806), org.testng.TestRunner.run(TestRunner.java:601), org.testng.SuiteRunner.runTest(SuiteRunner.java:433), org.testng.SuiteRunner.runSequentially(SuiteRunner.java:427), org.testng.SuiteRunner.privateRun(SuiteRunner.java:387), org.testng.SuiteRunner.run(SuiteRunner.java:330), org.testng.SuiteRunnerWorker.runSuite(SuiteRunnerWorker.java:52), org.testng.SuiteRunnerWorker.run(SuiteRunnerWorker.java:95), org.testng.TestNG.runSuitesSequentially(TestNG.java:1256), org.testng.TestNG.runSuitesLocally(TestNG.java:1176), org.testng.TestNG.runSuites(TestNG.java:1099), org.testng.TestNG.run(TestNG.java:1067), com.intellij.rt.testng.IDEARemoteTestNG.run(IDEARemoteTestNG.java:66), com.intellij.rt.testng.RemoteTestNGStarter.main(RemoteTestNGStarter.java:109)]
[INFO ] 07-07-2022 11:15:42 [main] Log - Launching Chrome browser... 
[ERROR] 07-07-2022 11:15:42 [main] Log - Error...[org.openqa.selenium.internal.Require$FileStateChecker.isFile(Require.java:342), org.openqa.selenium.remote.service.DriverService.checkExecutable(DriverService.java:147), org.openqa.selenium.remote.service.DriverService.findExecutable(DriverService.java:142), org.openqa.selenium.chrome.ChromeDriverService.access$000(ChromeDriverService.java:38), org.openqa.selenium.chrome.ChromeDriverService$Builder.findDefaultExecutable(ChromeDriverService.java:231), org.openqa.selenium.remote.service.DriverService$Builder.build(DriverService.java:437), org.openqa.selenium.chrome.ChromeDriverService.createDefaultService(ChromeDriverService.java:127), org.openqa.selenium.chrome.ChromeDriver.<init>(ChromeDriver.java:48), pomtest.bases.BaseSetUp.initChromeDriver(BaseSetUp.java:42), pomtest.bases.BaseSetUp.setDriver(BaseSetUp.java:30), pomtest.bases.BaseSetUp.initializeTestBaseSetUp(BaseSetUp.java:65), java.base/jdk.internal.reflect.DirectMethodHandleAccessor.invoke(DirectMethodHandleAccessor.java:104), java.base/java.lang.reflect.Method.invoke(Method.java:577), org.testng.internal.invokers.MethodInvocationHelper.invokeMethod(MethodInvocationHelper.java:139), org.testng.internal.invokers.MethodInvocationHelper.invokeMethodConsideringTimeout(MethodInvocationHelper.java:69), org.testng.internal.invokers.ConfigInvoker.invokeConfigurationMethod(ConfigInvoker.java:361), org.testng.internal.invokers.ConfigInvoker.invokeConfigurations(ConfigInvoker.java:296), org.testng.internal.invokers.TestMethodWorker.invokeBeforeClassMethods(TestMethodWorker.java:180), org.testng.internal.invokers.TestMethodWorker.run(TestMethodWorker.java:122), java.base/java.util.ArrayList.forEach(ArrayList.java:1511), org.testng.TestRunner.privateRun(TestRunner.java:806), org.testng.TestRunner.run(TestRunner.java:601), org.testng.SuiteRunner.runTest(SuiteRunner.java:433), org.testng.SuiteRunner.runSequentially(SuiteRunner.java:427), org.testng.SuiteRunner.privateRun(SuiteRunner.java:387), org.testng.SuiteRunner.run(SuiteRunner.java:330), org.testng.SuiteRunnerWorker.runSuite(SuiteRunnerWorker.java:52), org.testng.SuiteRunnerWorker.run(SuiteRunnerWorker.java:95), org.testng.TestNG.runSuitesSequentially(TestNG.java:1256), org.testng.TestNG.runSuitesLocally(TestNG.java:1176), org.testng.TestNG.runSuites(TestNG.java:1099), org.testng.TestNG.run(TestNG.java:1067), com.intellij.rt.testng.IDEARemoteTestNG.run(IDEARemoteTestNG.java:66), com.intellij.rt.testng.RemoteTestNGStarter.main(RemoteTestNGStarter.java:109)]
[INFO ] 07-07-2022 11:16:21 [main] Log - Launching Chrome browser... 
[ERROR] 07-07-2022 11:16:21 [main] Log - Error...[org.openqa.selenium.internal.Require$FileStateChecker.isFile(Require.java:342), org.openqa.selenium.remote.service.DriverService.checkExecutable(DriverService.java:147), org.openqa.selenium.remote.service.DriverService.findExecutable(DriverService.java:142), org.openqa.selenium.chrome.ChromeDriverService.access$000(ChromeDriverService.java:38), org.openqa.selenium.chrome.ChromeDriverService$Builder.findDefaultExecutable(ChromeDriverService.java:231), org.openqa.selenium.remote.service.DriverService$Builder.build(DriverService.java:437), org.openqa.selenium.chrome.ChromeDriverService.createDefaultService(ChromeDriverService.java:127), org.openqa.selenium.chrome.ChromeDriver.<init>(ChromeDriver.java:48), pomtest.bases.BaseSetUp.initChromeDriver(BaseSetUp.java:42), pomtest.bases.BaseSetUp.setDriver(BaseSetUp.java:30), pomtest.bases.BaseSetUp.initializeTestBaseSetUp(BaseSetUp.java:65), java.base/jdk.internal.reflect.DirectMethodHandleAccessor.invoke(DirectMethodHandleAccessor.java:104), java.base/java.lang.reflect.Method.invoke(Method.java:577), org.testng.internal.invokers.MethodInvocationHelper.invokeMethod(MethodInvocationHelper.java:139), org.testng.internal.invokers.MethodInvocationHelper.invokeMethodConsideringTimeout(MethodInvocationHelper.java:69), org.testng.internal.invokers.ConfigInvoker.invokeConfigurationMethod(ConfigInvoker.java:361), org.testng.internal.invokers.ConfigInvoker.invokeConfigurations(ConfigInvoker.java:296), org.testng.internal.invokers.TestMethodWorker.invokeBeforeClassMethods(TestMethodWorker.java:180), org.testng.internal.invokers.TestMethodWorker.run(TestMethodWorker.java:122), java.base/java.util.ArrayList.forEach(ArrayList.java:1511), org.testng.TestRunner.privateRun(TestRunner.java:806), org.testng.TestRunner.run(TestRunner.java:601), org.testng.SuiteRunner.runTest(SuiteRunner.java:433), org.testng.SuiteRunner.runSequentially(SuiteRunner.java:427), org.testng.SuiteRunner.privateRun(SuiteRunner.java:387), org.testng.SuiteRunner.run(SuiteRunner.java:330), org.testng.SuiteRunnerWorker.runSuite(SuiteRunnerWorker.java:52), org.testng.SuiteRunnerWorker.run(SuiteRunnerWorker.java:95), org.testng.TestNG.runSuitesSequentially(TestNG.java:1256), org.testng.TestNG.runSuitesLocally(TestNG.java:1176), org.testng.TestNG.runSuites(TestNG.java:1099), org.testng.TestNG.run(TestNG.java:1067), com.intellij.rt.testng.IDEARemoteTestNG.run(IDEARemoteTestNG.java:66), com.intellij.rt.testng.RemoteTestNGStarter.main(RemoteTestNGStarter.java:109)]
[INFO ] 07-07-2022 11:17:35 [main] Log - Launching Chrome browser... 
[ERROR] 07-07-2022 11:17:41 [main] Log - Error...[org.openqa.selenium.remote.ProtocolHandshake.createSession(ProtocolHandshake.java:144), org.openqa.selenium.remote.ProtocolHandshake.createSession(ProtocolHandshake.java:102), org.openqa.selenium.remote.ProtocolHandshake.createSession(ProtocolHandshake.java:67), org.openqa.selenium.remote.HttpCommandExecutor.execute(HttpCommandExecutor.java:156), org.openqa.selenium.remote.service.DriverCommandExecutor.invokeExecute(DriverCommandExecutor.java:167), org.openqa.selenium.remote.service.DriverCommandExecutor.execute(DriverCommandExecutor.java:142), org.openqa.selenium.remote.RemoteWebDriver.execute(RemoteWebDriver.java:588), org.openqa.selenium.remote.RemoteWebDriver.startSession(RemoteWebDriver.java:283), org.openqa.selenium.remote.RemoteWebDriver.<init>(RemoteWebDriver.java:184), org.openqa.selenium.chromium.ChromiumDriver.<init>(ChromiumDriver.java:106), org.openqa.selenium.chrome.ChromeDriver.<init>(ChromeDriver.java:106), org.openqa.selenium.chrome.ChromeDriver.<init>(ChromeDriver.java:93), org.openqa.selenium.chrome.ChromeDriver.<init>(ChromeDriver.java:48), pomtest.bases.BaseSetUp.initChromeDriver(BaseSetUp.java:42), pomtest.bases.BaseSetUp.setDriver(BaseSetUp.java:30), pomtest.bases.BaseSetUp.initializeTestBaseSetUp(BaseSetUp.java:65), java.base/jdk.internal.reflect.DirectMethodHandleAccessor.invoke(DirectMethodHandleAccessor.java:104), java.base/java.lang.reflect.Method.invoke(Method.java:577), org.testng.internal.invokers.MethodInvocationHelper.invokeMethod(MethodInvocationHelper.java:139), org.testng.internal.invokers.MethodInvocationHelper.invokeMethodConsideringTimeout(MethodInvocationHelper.java:69), org.testng.internal.invokers.ConfigInvoker.invokeConfigurationMethod(ConfigInvoker.java:361), org.testng.internal.invokers.ConfigInvoker.invokeConfigurations(ConfigInvoker.java:296), org.testng.internal.invokers.TestMethodWorker.invokeBeforeClassMethods(TestMethodWorker.java:180), org.testng.internal.invokers.TestMethodWorker.run(TestMethodWorker.java:122), java.base/java.util.ArrayList.forEach(ArrayList.java:1511), org.testng.TestRunner.privateRun(TestRunner.java:806), org.testng.TestRunner.run(TestRunner.java:601), org.testng.SuiteRunner.runTest(SuiteRunner.java:433), org.testng.SuiteRunner.runSequentially(SuiteRunner.java:427), org.testng.SuiteRunner.privateRun(SuiteRunner.java:387), org.testng.SuiteRunner.run(SuiteRunner.java:330), org.testng.SuiteRunnerWorker.runSuite(SuiteRunnerWorker.java:52), org.testng.SuiteRunnerWorker.run(SuiteRunnerWorker.java:95), org.testng.TestNG.runSuitesSequentially(TestNG.java:1256), org.testng.TestNG.runSuitesLocally(TestNG.java:1176), org.testng.TestNG.runSuites(TestNG.java:1099), org.testng.TestNG.run(TestNG.java:1067), com.intellij.rt.testng.IDEARemoteTestNG.run(IDEARemoteTestNG.java:66), com.intellij.rt.testng.RemoteTestNGStarter.main(RemoteTestNGStarter.java:109)]
[INFO ] 07-07-2022 11:18:24 [main] Log - Launching FireFox browser... 
[INFO ] 07-07-2022 11:18:57 [main] Log - Launching FireFox browser... 
[INFO ] 07-07-2022 11:19:45 [main] Log - Launching FireFox browser... 
[INFO ] 07-07-2022 11:20:02 [main] Log - Launching Chrome browser... 
[INFO ] 07-07-2022 11:21:25 [main] Log - Launching Chrome browser... 
[ERROR] 07-07-2022 11:21:25 [main] Log - Error...[org.openqa.selenium.internal.Require$FileStateChecker.isFile(Require.java:342), org.openqa.selenium.remote.service.DriverService.checkExecutable(DriverService.java:147), org.openqa.selenium.remote.service.DriverService.findExecutable(DriverService.java:142), org.openqa.selenium.chrome.ChromeDriverService.access$000(ChromeDriverService.java:38), org.openqa.selenium.chrome.ChromeDriverService$Builder.findDefaultExecutable(ChromeDriverService.java:231), org.openqa.selenium.remote.service.DriverService$Builder.build(DriverService.java:437), org.openqa.selenium.chrome.ChromeDriverService.createDefaultService(ChromeDriverService.java:127), org.openqa.selenium.chrome.ChromeDriver.<init>(ChromeDriver.java:48), pomtest.bases.BaseSetUp.initChromeDriver(BaseSetUp.java:42), pomtest.bases.BaseSetUp.setDriver(BaseSetUp.java:30), pomtest.bases.BaseSetUp.initializeTestBaseSetUp(BaseSetUp.java:65), java.base/jdk.internal.reflect.DirectMethodHandleAccessor.invoke(DirectMethodHandleAccessor.java:104), java.base/java.lang.reflect.Method.invoke(Method.java:577), org.testng.internal.invokers.MethodInvocationHelper.invokeMethod(MethodInvocationHelper.java:139), org.testng.internal.invokers.MethodInvocationHelper.invokeMethodConsideringTimeout(MethodInvocationHelper.java:69), org.testng.internal.invokers.ConfigInvoker.invokeConfigurationMethod(ConfigInvoker.java:361), org.testng.internal.invokers.ConfigInvoker.invokeConfigurations(ConfigInvoker.java:296), org.testng.internal.invokers.TestMethodWorker.invokeBeforeClassMethods(TestMethodWorker.java:180), org.testng.internal.invokers.TestMethodWorker.run(TestMethodWorker.java:122), java.base/java.util.ArrayList.forEach(ArrayList.java:1511), org.testng.TestRunner.privateRun(TestRunner.java:806), org.testng.TestRunner.run(TestRunner.java:601), org.testng.SuiteRunner.runTest(SuiteRunner.java:433), org.testng.SuiteRunner.runSequentially(SuiteRunner.java:427), org.testng.SuiteRunner.privateRun(SuiteRunner.java:387), org.testng.SuiteRunner.run(SuiteRunner.java:330), org.testng.SuiteRunnerWorker.runSuite(SuiteRunnerWorker.java:52), org.testng.SuiteRunnerWorker.run(SuiteRunnerWorker.java:95), org.testng.TestNG.runSuitesSequentially(TestNG.java:1256), org.testng.TestNG.runSuitesLocally(TestNG.java:1176), org.testng.TestNG.runSuites(TestNG.java:1099), org.testng.TestNG.run(TestNG.java:1067), com.intellij.rt.testng.IDEARemoteTestNG.run(IDEARemoteTestNG.java:66), com.intellij.rt.testng.RemoteTestNGStarter.main(RemoteTestNGStarter.java:109)]
[INFO ] 07-07-2022 11:21:43 [main] Log - Launching Chrome browser... 
[ERROR] 07-07-2022 11:21:43 [main] Log - Error...[org.openqa.selenium.internal.Require$FileStateChecker.isFile(Require.java:342), org.openqa.selenium.remote.service.DriverService.checkExecutable(DriverService.java:147), org.openqa.selenium.remote.service.DriverService.findExecutable(DriverService.java:142), org.openqa.selenium.chrome.ChromeDriverService.access$000(ChromeDriverService.java:38), org.openqa.selenium.chrome.ChromeDriverService$Builder.findDefaultExecutable(ChromeDriverService.java:231), org.openqa.selenium.remote.service.DriverService$Builder.build(DriverService.java:437), org.openqa.selenium.chrome.ChromeDriverService.createDefaultService(ChromeDriverService.java:127), org.openqa.selenium.chrome.ChromeDriver.<init>(ChromeDriver.java:48), pomtest.bases.BaseSetUp.initChromeDriver(BaseSetUp.java:42), pomtest.bases.BaseSetUp.setDriver(BaseSetUp.java:30), pomtest.bases.BaseSetUp.initializeTestBaseSetUp(BaseSetUp.java:65), java.base/jdk.internal.reflect.DirectMethodHandleAccessor.invoke(DirectMethodHandleAccessor.java:104), java.base/java.lang.reflect.Method.invoke(Method.java:577), org.testng.internal.invokers.MethodInvocationHelper.invokeMethod(MethodInvocationHelper.java:139), org.testng.internal.invokers.MethodInvocationHelper.invokeMethodConsideringTimeout(MethodInvocationHelper.java:69), org.testng.internal.invokers.ConfigInvoker.invokeConfigurationMethod(ConfigInvoker.java:361), org.testng.internal.invokers.ConfigInvoker.invokeConfigurations(ConfigInvoker.java:296), org.testng.internal.invokers.TestMethodWorker.invokeBeforeClassMethods(TestMethodWorker.java:180), org.testng.internal.invokers.TestMethodWorker.run(TestMethodWorker.java:122), java.base/java.util.ArrayList.forEach(ArrayList.java:1511), org.testng.TestRunner.privateRun(TestRunner.java:806), org.testng.TestRunner.run(TestRunner.java:601), org.testng.SuiteRunner.runTest(SuiteRunner.java:433), org.testng.SuiteRunner.runSequentially(SuiteRunner.java:427), org.testng.SuiteRunner.privateRun(SuiteRunner.java:387), org.testng.SuiteRunner.run(SuiteRunner.java:330), org.testng.SuiteRunnerWorker.runSuite(SuiteRunnerWorker.java:52), org.testng.SuiteRunnerWorker.run(SuiteRunnerWorker.java:95), org.testng.TestNG.runSuitesSequentially(TestNG.java:1256), org.testng.TestNG.runSuitesLocally(TestNG.java:1176), org.testng.TestNG.runSuites(TestNG.java:1099), org.testng.TestNG.run(TestNG.java:1067), com.intellij.rt.testng.IDEARemoteTestNG.run(IDEARemoteTestNG.java:66), com.intellij.rt.testng.RemoteTestNGStarter.main(RemoteTestNGStarter.java:109)]
[INFO ] 07-07-2022 11:22:55 [main] Log - Launching Chrome browser... 
[ERROR] 07-07-2022 11:22:55 [main] Log - Error...[org.openqa.selenium.internal.Require$FileStateChecker.isFile(Require.java:342), org.openqa.selenium.remote.service.DriverService.checkExecutable(DriverService.java:147), org.openqa.selenium.remote.service.DriverService.findExecutable(DriverService.java:142), org.openqa.selenium.chrome.ChromeDriverService.access$000(ChromeDriverService.java:38), org.openqa.selenium.chrome.ChromeDriverService$Builder.findDefaultExecutable(ChromeDriverService.java:231), org.openqa.selenium.remote.service.DriverService$Builder.build(DriverService.java:437), org.openqa.selenium.chrome.ChromeDriverService.createDefaultService(ChromeDriverService.java:127), org.openqa.selenium.chrome.ChromeDriver.<init>(ChromeDriver.java:48), pomtest.bases.BaseSetUp.initChromeDriver(BaseSetUp.java:42), pomtest.bases.BaseSetUp.setDriver(BaseSetUp.java:30), pomtest.bases.BaseSetUp.initializeTestBaseSetUp(BaseSetUp.java:65), java.base/jdk.internal.reflect.DirectMethodHandleAccessor.invoke(DirectMethodHandleAccessor.java:104), java.base/java.lang.reflect.Method.invoke(Method.java:577), org.testng.internal.invokers.MethodInvocationHelper.invokeMethod(MethodInvocationHelper.java:139), org.testng.internal.invokers.MethodInvocationHelper.invokeMethodConsideringTimeout(MethodInvocationHelper.java:69), org.testng.internal.invokers.ConfigInvoker.invokeConfigurationMethod(ConfigInvoker.java:361), org.testng.internal.invokers.ConfigInvoker.invokeConfigurations(ConfigInvoker.java:296), org.testng.internal.invokers.TestMethodWorker.invokeBeforeClassMethods(TestMethodWorker.java:180), org.testng.internal.invokers.TestMethodWorker.run(TestMethodWorker.java:122), java.base/java.util.ArrayList.forEach(ArrayList.java:1511), org.testng.TestRunner.privateRun(TestRunner.java:806), org.testng.TestRunner.run(TestRunner.java:601), org.testng.SuiteRunner.runTest(SuiteRunner.java:433), org.testng.SuiteRunner.runSequentially(SuiteRunner.java:427), org.testng.SuiteRunner.privateRun(SuiteRunner.java:387), org.testng.SuiteRunner.run(SuiteRunner.java:330), org.testng.SuiteRunnerWorker.runSuite(SuiteRunnerWorker.java:52), org.testng.SuiteRunnerWorker.run(SuiteRunnerWorker.java:95), org.testng.TestNG.runSuitesSequentially(TestNG.java:1256), org.testng.TestNG.runSuitesLocally(TestNG.java:1176), org.testng.TestNG.runSuites(TestNG.java:1099), org.testng.TestNG.run(TestNG.java:1067), com.intellij.rt.testng.IDEARemoteTestNG.run(IDEARemoteTestNG.java:66), com.intellij.rt.testng.RemoteTestNGStarter.main(RemoteTestNGStarter.java:109)]
[INFO ] 07-07-2022 11:23:37 [main] Log - Launching Chrome browser... 
[INFO ] 07-07-2022 11:24:11 [main] Log - Launching Chrome browser... 
[INFO ] 07-07-2022 11:28:34 [main] Log - Launching FireFox browser... 
[INFO ] 07-07-2022 11:31:01 [main] Log - Launching FireFox browser... 
[INFO ] 07-07-2022 11:31:57 [main] Log - Launching Chrome browser... 
[INFO ] 07-07-2022 11:32:29 [main] Log - Launching Chrome browser... 
[INFO ] 07-07-2022 13:53:38 [main] Log - Launching Chrome browser... 
[INFO ] 07-07-2022 14:19:34 [main] Log - Launching Chrome browser... 
[INFO ] 08-07-2022 09:21:48 [main] Log - Launching Chrome browser... 
[ERROR] 08-07-2022 09:22:07 [main] Log - The system cannot find the path specified
[INFO ] 08-07-2022 09:22:31 [main] Log - Launching Chrome browser... 
[ERROR] 08-07-2022 09:22:38 [main] Log - The system cannot find the path specified
[INFO ] 08-07-2022 09:25:06 [main] Log - Launching Chrome browser... 
[ERROR] 08-07-2022 09:25:13 [main] Log - The system cannot find the path specified
[INFO ] 08-07-2022 09:26:15 [main] Log - Launching Chrome browser... 
[ERROR] 08-07-2022 09:26:21 [main] Log - The system cannot find the path specified
[INFO ] 08-07-2022 09:27:44 [main] Log - Launching Chrome browser... 
[INFO ] 08-07-2022 09:29:26 [main] Log - Launching Chrome browser... 
[ERROR] 08-07-2022 09:29:32 [main] Log - The system cannot find the path specified
[INFO ] 08-07-2022 09:35:53 [main] Log - Launching Chrome browser... 
[ERROR] 08-07-2022 09:35:59 [main] Log - The system cannot find the path specified
[INFO ] 08-07-2022 09:36:34 [main] Log - Launching Chrome browser... 
[INFO ] 08-07-2022 09:40:14 [main] Log - Launching Chrome browser... 
[INFO ] 08-07-2022 09:44:43 [main] Log - Launching Chrome browser... 
[INFO ] 08-07-2022 09:48:36 [main] Log - Launching Chrome browser... 
[INFO ] 08-07-2022 09:51:42 [main] Log - Launching Chrome browser... 
[INFO ] 08-07-2022 09:53:20 [main] Log - Launching Chrome browser... 
[INFO ] 08-07-2022 09:55:08 [main] Log - Launching Chrome browser... 
[INFO ] 08-07-2022 09:56:49 [main] Log - Launching Chrome browser... 
[ERROR] 08-07-2022 09:56:56 [main] Log - at 44The system cannot find the path specified
[INFO ] 08-07-2022 09:57:15 [main] Log - Launching Chrome browser... 
