<!DOCTYPE html PUBLIC "-//W3C//DTD XHTML 1.0 Transitional//EN" "http://www.w3.org/TR/xhtml1/DTD/xhtml1-transitional.dtd">
<!-- Generated by Apache Maven Doxia Site Renderer 1.8.1 from org.apache.maven.plugins:maven-surefire-report-plugin:3.0.0-M5:report at 2022-07-07 -->
<html xmlns="http://www.w3.org/1999/xhtml" xml:lang="en" lang="en">
  <head>
    <meta http-equiv="Content-Type" content="text/html; charset=UTF-8" />
    <title>ProjectWithMaven &#x2013; Surefire Report</title>
    <style type="text/css" media="all">
      @import url("./css/maven-base.css");
      @import url("./css/maven-theme.css");
      @import url("./css/site.css");
    </style>
    <link rel="stylesheet" href="./css/print.css" type="text/css" media="print" />
    <meta http-equiv="Content-Language" content="en" />
    
  </head>
  <body class="composite">
    <div id="banner">
<div id="bannerLeft">
ProjectWithMaven
</div>
      <div class="clear">
        <hr/>
      </div>
    </div>
    <div id="breadcrumbs">
      <div class="xleft">
        <span id="publishDate">Last Published: 2022-07-07</span>
          &nbsp;| <span id="projectVersion">Version: 1.0-SNAPSHOT</span>
      </div>
      <div class="xright"><a href="${project.url}" title="ProjectWithMaven">ProjectWithMaven</a>      </div>
      <div class="clear">
        <hr/>
      </div>
    </div>
    <div id="leftColumn">
      <div id="navcolumn">
       <h5>Project Documentation</h5>
    <ul>
     <li class="collapsed"><a href="project-info.html" title="Project Information">Project Information</a></li>
     <li class="expanded"><a href="project-reports.html" title="Project Reports">Project Reports</a>
      <ul>
       <li class="none"><strong>Surefire Report</strong></li>
      </ul></li>
    </ul>
      <a href="http://maven.apache.org/" title="Built by Maven" class="poweredBy">
        <img class="poweredBy" alt="Built by Maven" src="./images/logos/maven-feather.png" />
      </a>
      </div>
    </div>
    <div id="bodyColumn">
      <div id="contentBox">
<script type="application/javascript">
//<![CDATA[
function toggleDisplay(elementId) {
 var elm = document.getElementById(elementId + '-error');
 if (elm == null) {
  elm = document.getElementById(elementId + '-failure');
 }
 if (elm && typeof elm.style != "undefined") {
  if (elm.style.display == "none") {
   elm.style.display = "";
   document.getElementById(elementId + '-off').style.display = "none";
   document.getElementById(elementId + '-on').style.display = "inline";
  } else if (elm.style.display == "") {   elm.style.display = "none";
   document.getElementById(elementId + '-off').style.display = "inline";
   document.getElementById(elementId + '-on').style.display = "none";
  } 
 } 
 }
//]]>
</script>
<div class="section">
<h2><a name="Surefire_Report"></a>Surefire Report</h2></div>
<div class="section">
<h2><a name="Summary"></a>Summary</h2><a name="Summary"></a>
<p>[<a href="#Summary">Summary</a>] [<a href="#Package_List">Package List</a>] [<a href="#Test_Cases">Test Cases</a>]</p><br />
<table border="1" class="bodyTable">
<tr class="a">
<th>Tests</th>
<th>Errors</th>
<th>Failures</th>
<th>Skipped</th>
<th>Success Rate</th>
<th>Time</th></tr>
<tr class="b">
<td>13</td>
<td>0</td>
<td>1</td>
<td>7</td>
<td>38.462%</td>
<td>6.807</td></tr></table><br />
<p>Note: failures are anticipated and checked for with assertions while errors are unanticipated.</p><br /></div>
<div class="section">
<h2><a name="Package_List"></a>Package List</h2><a name="Package_List"></a>
<p>[<a href="#Summary">Summary</a>] [<a href="#Package_List">Package List</a>] [<a href="#Test_Cases">Test Cases</a>]</p><br />
<table border="1" class="bodyTable">
<tr class="a">
<th>Package</th>
<th>Tests</th>
<th>Errors</th>
<th>Failures</th>
<th>Skipped</th>
<th>Success Rate</th>
<th>Time</th></tr>
<tr class="b">
<td><a href="#pomtest.testcases">pomtest.testcases</a></td>
<td>13</td>
<td>0</td>
<td>1</td>
<td>7</td>
<td>38.462%</td>
<td>6.807</td></tr></table><br />
<p>Note: package statistics are not computed recursively, they only sum up all of its testsuites numbers.</p>
<div class="section">
<h3><a name="pomtest.testcases"></a>pomtest.testcases</h3><a name="pomtest.testcases"></a>
<table border="1" class="bodyTable">
<tr class="a">
<th></th>
<th>Class</th>
<th>Tests</th>
<th>Errors</th>
<th>Failures</th>
<th>Skipped</th>
<th>Success Rate</th>
<th>Time</th></tr>
<tr class="b">
<td><a href="#pomtest.testcases.LogInTest"><img src="images/icon_warning_sml.gif" alt="" /></a></td>
<td><a href="#pomtest.testcases.LogInTest">LogInTest</a></td>
<td>8</td>
<td>0</td>
<td>1</td>
<td>7</td>
<td>0%</td>
<td>0.416</td></tr>
<tr class="a">
<td><a href="#pomtest.testcases.LogInTest"><img src="images/icon_success_sml.gif" alt="" /></a></td>
<td><a href="#pomtest.testcases.LogInTest">LogInTest</a></td>
<td>5</td>
<td>0</td>
<td>0</td>
<td>0</td>
<td>100%</td>
<td>6.391</td></tr></table></div><br /></div>
<div class="section">
<h2><a name="Test_Cases"></a>Test Cases</h2><a name="Test_Cases"></a>
<p>[<a href="#Summary">Summary</a>] [<a href="#Package_List">Package List</a>] [<a href="#Test_Cases">Test Cases</a>]</p>
<div class="section">
<h3><a name="LogInTest"></a>LogInTest</h3><a name="pomtest.testcases.LogInTest"></a>
<table border="1" class="bodyTable">
<tr class="a">
<td><a href="#pomtest.testcases.LogInTest.initializeTestBaseSetUp"><img src="images/icon_error_sml.gif" alt="" /></a></td>
<td><a name="TC_pomtest.testcases.LogInTest.initializeTestBaseSetUp"></a><a href="#pomtest.testcases.LogInTest.initializeTestBaseSetUp">initializeTestBaseSetUp</a>
<div class="detailToggle" style="display:inline"><a href="javascript:toggleDisplay('pomtest.testcases.LogInTest.initializeTestBaseSetUp');"><span style="display:inline;" id="pomtest.testcases.LogInTest.initializeTestBaseSetUp-off"> + </span><span style="display:none;" id="pomtest.testcases.LogInTest.initializeTestBaseSetUp-on"> - </span>[ Detail ]</a></div></td>
<td>0.277</td></tr>
<tr class="b">
<td></td>
<td>
Parameter 'browserType' is required by BeforeClass on method initializeTestBaseSetUp but has not been marked @Optional or defined
</td>
<td></td></tr>
<tr class="a">
<td></td>
<td>
<div id="pomtest.testcases.LogInTest.initializeTestBaseSetUp-failure" style="display:none;">
<div>
<pre>org.testng.TestNGException: 

Parameter 'browserType' is required by BeforeClass on method initializeTestBaseSetUp but has not been marked @Optional or defined

</pre></div></div></td>
<td></td></tr>
<tr class="b">
<td><a href="#pomtest.testcases.LogInTest.setUp"><img src="images/icon_warning_sml.gif" alt="" /></a></td>
<td><a name="TC_pomtest.testcases.LogInTest.setUp"></a><a href="#pomtest.testcases.LogInTest.setUp">setUp</a>
<div class="detailToggle" style="display:inline"><a href="javascript:toggleDisplay('pomtest.testcases.LogInTest.setUp');"><span style="display:inline;" id="pomtest.testcases.LogInTest.setUp-off"> + </span><span style="display:none;" id="pomtest.testcases.LogInTest.setUp-on"> - </span>[ Detail ]</a></div></td>
<td>0</td></tr>
<tr class="a">
<td></td>
<td>skipped</td>
<td></td></tr>
<tr class="b">
<td><a href="#pomtest.testcases.LogInTest.userTruePassNull"><img src="images/icon_warning_sml.gif" alt="" /></a></td>
<td><a name="TC_pomtest.testcases.LogInTest.userTruePassNull"></a><a href="#pomtest.testcases.LogInTest.userTruePassNull">userTruePassNull</a>
<div class="detailToggle" style="display:inline"><a href="javascript:toggleDisplay('pomtest.testcases.LogInTest.userTruePassNull');"><span style="display:inline;" id="pomtest.testcases.LogInTest.userTruePassNull-off"> + </span><span style="display:none;" id="pomtest.testcases.LogInTest.userTruePassNull-on"> - </span>[ Detail ]</a></div></td>
<td>0</td></tr>
<tr class="a">
<td></td>
<td>
Parameter 'browserType' is required by BeforeClass on method initializeTestBaseSetUp but has not been marked @Optional or defined
</td>
<td></td></tr>
<tr class="b">
<td><a href="#pomtest.testcases.LogInTest.userNullPassNull"><img src="images/icon_warning_sml.gif" alt="" /></a></td>
<td><a name="TC_pomtest.testcases.LogInTest.userNullPassNull"></a><a href="#pomtest.testcases.LogInTest.userNullPassNull">userNullPassNull</a>
<div class="detailToggle" style="display:inline"><a href="javascript:toggleDisplay('pomtest.testcases.LogInTest.userNullPassNull');"><span style="display:inline;" id="pomtest.testcases.LogInTest.userNullPassNull-off"> + </span><span style="display:none;" id="pomtest.testcases.LogInTest.userNullPassNull-on"> - </span>[ Detail ]</a></div></td>
<td>0</td></tr>
<tr class="a">
<td></td>
<td>
Parameter 'browserType' is required by BeforeClass on method initializeTestBaseSetUp but has not been marked @Optional or defined
</td>
<td></td></tr>
<tr class="b">
<td><a href="#pomtest.testcases.LogInTest.userTruePassLessThan6"><img src="images/icon_warning_sml.gif" alt="" /></a></td>
<td><a name="TC_pomtest.testcases.LogInTest.userTruePassLessThan6"></a><a href="#pomtest.testcases.LogInTest.userTruePassLessThan6">userTruePassLessThan6</a>
<div class="detailToggle" style="display:inline"><a href="javascript:toggleDisplay('pomtest.testcases.LogInTest.userTruePassLessThan6');"><span style="display:inline;" id="pomtest.testcases.LogInTest.userTruePassLessThan6-off"> + </span><span style="display:none;" id="pomtest.testcases.LogInTest.userTruePassLessThan6-on"> - </span>[ Detail ]</a></div></td>
<td>0</td></tr>
<tr class="a">
<td></td>
<td>
Parameter 'browserType' is required by BeforeClass on method initializeTestBaseSetUp but has not been marked @Optional or defined
</td>
<td></td></tr>
<tr class="b">
<td><a href="#pomtest.testcases.LogInTest.userTruePassMoreThan6ButFalse"><img src="images/icon_warning_sml.gif" alt="" /></a></td>
<td><a name="TC_pomtest.testcases.LogInTest.userTruePassMoreThan6ButFalse"></a><a href="#pomtest.testcases.LogInTest.userTruePassMoreThan6ButFalse">userTruePassMoreThan6ButFalse</a>
<div class="detailToggle" style="display:inline"><a href="javascript:toggleDisplay('pomtest.testcases.LogInTest.userTruePassMoreThan6ButFalse');"><span style="display:inline;" id="pomtest.testcases.LogInTest.userTruePassMoreThan6ButFalse-off"> + </span><span style="display:none;" id="pomtest.testcases.LogInTest.userTruePassMoreThan6ButFalse-on"> - </span>[ Detail ]</a></div></td>
<td>0</td></tr>
<tr class="a">
<td></td>
<td>
Parameter 'browserType' is required by BeforeClass on method initializeTestBaseSetUp but has not been marked @Optional or defined
</td>
<td></td></tr>
<tr class="b">
<td><a href="#pomtest.testcases.LogInTest.logInSuccessful"><img src="images/icon_warning_sml.gif" alt="" /></a></td>
<td><a name="TC_pomtest.testcases.LogInTest.logInSuccessful"></a><a href="#pomtest.testcases.LogInTest.logInSuccessful">logInSuccessful</a>
<div class="detailToggle" style="display:inline"><a href="javascript:toggleDisplay('pomtest.testcases.LogInTest.logInSuccessful');"><span style="display:inline;" id="pomtest.testcases.LogInTest.logInSuccessful-off"> + </span><span style="display:none;" id="pomtest.testcases.LogInTest.logInSuccessful-on"> - </span>[ Detail ]</a></div></td>
<td>0</td></tr>
<tr class="a">
<td></td>
<td>
Parameter 'browserType' is required by BeforeClass on method initializeTestBaseSetUp but has not been marked @Optional or defined
</td>
<td></td></tr>
<tr class="b">
<td><a href="#pomtest.testcases.LogInTest.tearDown"><img src="images/icon_warning_sml.gif" alt="" /></a></td>
<td><a name="TC_pomtest.testcases.LogInTest.tearDown"></a><a href="#pomtest.testcases.LogInTest.tearDown">tearDown</a>
<div class="detailToggle" style="display:inline"><a href="javascript:toggleDisplay('pomtest.testcases.LogInTest.tearDown');"><span style="display:inline;" id="pomtest.testcases.LogInTest.tearDown-off"> + </span><span style="display:none;" id="pomtest.testcases.LogInTest.tearDown-on"> - </span>[ Detail ]</a></div></td>
<td>0</td></tr>
<tr class="a">
<td></td>
<td>skipped</td>
<td></td></tr></table></div>
<div class="section">
<h3><a name="LogInTest"></a>LogInTest</h3><a name="pomtest.testcases.LogInTest"></a>
<table border="1" class="bodyTable">
<tr class="a">
<td><img src="images/icon_success_sml.gif" alt="" /></td>
<td><a name="TC_pomtest.testcases.LogInTest.userTruePassNull"></a>userTruePassNull</td>
<td>0.385</td></tr>
<tr class="b">
<td><img src="images/icon_success_sml.gif" alt="" /></td>
<td><a name="TC_pomtest.testcases.LogInTest.userNullPassNull"></a>userNullPassNull</td>
<td>0.257</td></tr>
<tr class="a">
<td><img src="images/icon_success_sml.gif" alt="" /></td>
<td><a name="TC_pomtest.testcases.LogInTest.userTruePassLessThan6"></a>userTruePassLessThan6</td>
<td>0.255</td></tr>
<tr class="b">
<td><img src="images/icon_success_sml.gif" alt="" /></td>
<td><a name="TC_pomtest.testcases.LogInTest.userTruePassMoreThan6ButFalse"></a>userTruePassMoreThan6ButFalse</td>
<td>0.267</td></tr>
<tr class="a">
<td><img src="images/icon_success_sml.gif" alt="" /></td>
<td><a name="TC_pomtest.testcases.LogInTest.logInSuccessful"></a>logInSuccessful</td>
<td>5.227</td></tr></table></div><br /></div>
<div class="section">
<h2><a name="Failure_Details"></a>Failure Details</h2><a name="Failure_Details"></a>
<p>[<a href="#Summary">Summary</a>] [<a href="#Package_List">Package List</a>] [<a href="#Test_Cases">Test Cases</a>]</p><br />
<table border="1" class="bodyTable">
<tr class="a">
<td><img src="images/icon_error_sml.gif" alt="" /></td>
<td><a name="pomtest.testcases.LogInTest.initializeTestBaseSetUp"></a>initializeTestBaseSetUp</td></tr>
<tr class="b">
<td></td>
<td>org.testng.TestNGException: 
Parameter 'browserType' is required by BeforeClass on method initializeTestBaseSetUp but has not been marked @Optional or defined
</td></tr>
<tr class="a">
<td></td>
<td>
<div id="initializeTestBaseSetUp-failure">pomtest.testcases.LogInTest:</div></td></tr>
<tr class="b">
<td><img src="images/icon_warning_sml.gif" alt="" /></td>
<td><a name="pomtest.testcases.LogInTest.setUp"></a>setUp</td></tr>
<tr class="a">
<td></td>
<td>skipped: skipped</td></tr>
<tr class="b">
<td><img src="images/icon_warning_sml.gif" alt="" /></td>
<td><a name="pomtest.testcases.LogInTest.userTruePassNull"></a>userTruePassNull</td></tr>
<tr class="a">
<td></td>
<td>skipped: 
Parameter 'browserType' is required by BeforeClass on method initializeTestBaseSetUp but has not been marked @Optional or defined
</td></tr>
<tr class="b">
<td><img src="images/icon_warning_sml.gif" alt="" /></td>
<td><a name="pomtest.testcases.LogInTest.userNullPassNull"></a>userNullPassNull</td></tr>
<tr class="a">
<td></td>
<td>skipped: 
Parameter 'browserType' is required by BeforeClass on method initializeTestBaseSetUp but has not been marked @Optional or defined
</td></tr>
<tr class="b">
<td><img src="images/icon_warning_sml.gif" alt="" /></td>
<td><a name="pomtest.testcases.LogInTest.userTruePassLessThan6"></a>userTruePassLessThan6</td></tr>
<tr class="a">
<td></td>
<td>skipped: 
Parameter 'browserType' is required by BeforeClass on method initializeTestBaseSetUp but has not been marked @Optional or defined
</td></tr>
<tr class="b">
<td><img src="images/icon_warning_sml.gif" alt="" /></td>
<td><a name="pomtest.testcases.LogInTest.userTruePassMoreThan6ButFalse"></a>userTruePassMoreThan6ButFalse</td></tr>
<tr class="a">
<td></td>
<td>skipped: 
Parameter 'browserType' is required by BeforeClass on method initializeTestBaseSetUp but has not been marked @Optional or defined
</td></tr>
<tr class="b">
<td><img src="images/icon_warning_sml.gif" alt="" /></td>
<td><a name="pomtest.testcases.LogInTest.logInSuccessful"></a>logInSuccessful</td></tr>
<tr class="a">
<td></td>
<td>skipped: 
Parameter 'browserType' is required by BeforeClass on method initializeTestBaseSetUp but has not been marked @Optional or defined
</td></tr>
<tr class="b">
<td><img src="images/icon_warning_sml.gif" alt="" /></td>
<td><a name="pomtest.testcases.LogInTest.tearDown"></a>tearDown</td></tr>
<tr class="a">
<td></td>
<td>skipped: skipped</td></tr></table><br /></div>
      </div>
    </div>
    <div class="clear">
      <hr/>
    </div>
    <div id="footer">
      <div class="xright">
        Copyright &#169;      2022.All rights reserved.      </div>
      <div class="clear">
        <hr/>
      </div>
    </div>
  </body>
</html>
